<?xml version="1.0" encoding="UTF-8"?>
<testsuite name="tourGuide.TestPerformance" tests="2" skipped="0" failures="0" errors="0" timestamp="2020-09-15T16:10:03" hostname="UC715467VW7JAV" time="314.002">
  <properties/>
  <testcase name="highVolumeTrackLocation" classname="tourGuide.TestPerformance" time="207.504"/>
  <testcase name="highVolumeGetRewards" classname="tourGuide.TestPerformance" time="106.497"/>
  <system-out><![CDATA[18:10:03.428 [Test worker] DEBUG tourGuide.TestPerformance - Start highVolumeTrackLocation
18:10:03.490 [Test worker] INFO tourGuide.service.TourGuideService - TestMode enabled
18:10:03.490 [Test worker] DEBUG tourGuide.service.TourGuideService - Initializing users
18:10:07.975 [Test worker] DEBUG tourGuide.service.TourGuideService - Created 100000 internal test users.
18:10:07.975 [Test worker] DEBUG tourGuide.service.TourGuideService - Finished initializing users
18:10:07.975 [Test worker] DEBUG tourGuide.tracker.Tracker - tracker submit
18:10:08.053 [pool-2-thread-1] DEBUG tourGuide.tracker.Tracker - Begin Tracker. Tracking 100000 users.
18:10:08.053 [Test worker] DEBUG tourGuide.TestPerformance - start exec
18:10:10.377 [Test worker] DEBUG tourGuide.TestPerformance - shutdown
18:13:30.922 [Test worker] DEBUG tourGuide.TestPerformance - end
highVolumeTrackLocation: Time Elapsed: 200 seconds.
18:13:30.923 [Test worker] DEBUG tourGuide.TestPerformance - End of highVolumeTrackLocation
18:13:30.926 [Test worker] DEBUG tourGuide.TestPerformance - Start highVolumeGetRewards
18:13:30.926 [Test worker] INFO tourGuide.service.TourGuideService - TestMode enabled
18:13:30.926 [Test worker] DEBUG tourGuide.service.TourGuideService - Initializing users
18:13:32.907 [Test worker] DEBUG tourGuide.service.TourGuideService - Created 100000 internal test users.
18:13:32.907 [Test worker] DEBUG tourGuide.service.TourGuideService - Finished initializing users
18:13:32.908 [Test worker] DEBUG tourGuide.tracker.Tracker - tracker submit
18:13:32.913 [pool-5-thread-1] DEBUG tourGuide.tracker.Tracker - Begin Tracker. Tracking 100000 users.
18:13:32.921 [Test worker] DEBUG tourGuide.TestPerformance - start exec
18:13:33.156 [Test worker] DEBUG tourGuide.TestPerformance - shutdown
18:15:17.421 [Test worker] DEBUG tourGuide.TestPerformance - end
highVolumeGetRewards: Time Elapsed: 102 seconds.
18:15:17.423 [Test worker] DEBUG tourGuide.TestPerformance - End of highVolumeGetRewards
]]></system-out>
  <system-err><![CDATA[Sep 15, 2020 6:10:03 PM org.javamoney.moneta.DefaultMonetaryContextFactory createMonetaryContextNonNullConfig
INFO: Using custom MathContext: precision=256, roundingMode=HALF_EVEN
]]></system-err>
</testsuite>
