<?xml version="1.0" encoding="UTF-8"?>
<testsuite name="tourGuide.TestPerformance" tests="1" skipped="0" failures="0" errors="0" timestamp="2020-08-19T11:36:42" hostname="UC715467VW7JAV" time="770.25">
  <properties/>
  <testcase name="highVolumeTrackLocation" classname="tourGuide.TestPerformance" time="770.25"/>
  <system-out><![CDATA[13:36:42.309 [Test worker] INFO tourGuide.service.TourGuideService - TestMode enabled
13:36:42.371 [Test worker] DEBUG tourGuide.service.TourGuideService - Initializing users
13:36:43.239 [Test worker] DEBUG tourGuide.service.TourGuideService - Created 10000 internal test users.
13:36:43.240 [Test worker] DEBUG tourGuide.service.TourGuideService - Finished initializing users
13:36:43.289 [pool-1-thread-1] DEBUG tourGuide.tracker.Tracker - Begin Tracker. Tracking 10000 users.
highVolumeTrackLocation: Time Elapsed: 768 seconds.
]]></system-out>
  <system-err><![CDATA[Aug 19, 2020 1:36:42 PM org.javamoney.moneta.DefaultMonetaryContextFactory createMonetaryContextNonNullConfig
INFO: Using custom MathContext: precision=256, roundingMode=HALF_EVEN
]]></system-err>
</testsuite>
